build/app/intermediates/manifest_merge_blame_file/release/manifest-merger-blame-release-report.txt
1<?xml version="1.0" encoding="utf-8"?>
2<manifest xmlns:android="http://schemas.android.com/apk/res/android"
3    package="com.example.masomoMT"
4    android:versionCode="9"
5    android:versionName="1.0.2" >
6
7    <uses-sdk
8        android:minSdkVersion="21"
8-->src\main\AndroidManifest.xml
9        android:targetSdkVersion="29" />
9-->src\main\AndroidManifest.xml
10    <!--
11         io.flutter.app.FlutterApplication is an android.app.Application that
12         calls FlutterMain.startInitialization(this); in its onCreate method.
13         In most cases you can leave this as-is, but you if you want to provide
14         additional functionality it is fine to subclass or reimplement
15         FlutterApplication and put your custom class here.
16    -->
17    <uses-permission android:name="android.permission.INTERNET" />
17-->src\main\AndroidManifest.xml:8:5-67
17-->src\main\AndroidManifest.xml:8:22-64
18    <uses-permission android:name="android.permission.WRITE_EXTERNAL_STORAGE" />
18-->src\main\AndroidManifest.xml:9:5-80
18-->src\main\AndroidManifest.xml:9:22-78
19    <uses-permission android:name="android.permission.READ_EXTERNAL_STORAGE" />
19-->src\main\AndroidManifest.xml:10:5-79
19-->src\main\AndroidManifest.xml:10:22-77
20    <uses-permission android:name="android.permission.WAKE_LOCK" />
20-->[androidx.work:work-runtime:2.4.0] AndroidManifest.xml:25:5-68
20-->[androidx.work:work-runtime:2.4.0] AndroidManifest.xml:25:22-65
21    <uses-permission android:name="android.permission.ACCESS_NETWORK_STATE" />
21-->[androidx.work:work-runtime:2.4.0] AndroidManifest.xml:26:5-79
21-->[androidx.work:work-runtime:2.4.0] AndroidManifest.xml:26:22-76
22    <uses-permission android:name="android.permission.RECEIVE_BOOT_COMPLETED" />
22-->[androidx.work:work-runtime:2.4.0] AndroidManifest.xml:27:5-81
22-->[androidx.work:work-runtime:2.4.0] AndroidManifest.xml:27:22-78
23    <uses-permission android:name="android.permission.FOREGROUND_SERVICE" />
23-->[androidx.work:work-runtime:2.4.0] AndroidManifest.xml:28:5-77
23-->[androidx.work:work-runtime:2.4.0] AndroidManifest.xml:28:22-74
24
25    <application
25-->src\main\AndroidManifest.xml:14:5-63:19
26        android:name="io.flutter.app.FlutterApplication"
26-->src\main\AndroidManifest.xml:15:9-57
27        android:appComponentFactory="androidx.core.app.CoreComponentFactory"
27-->[androidx.core:core:1.3.1] AndroidManifest.xml:24:18-86
28        android:icon="@mipmap/ic_launcher"
28-->src\main\AndroidManifest.xml:17:9-43
29        android:label="masomoMT" >
29-->src\main\AndroidManifest.xml:16:9-33
30        <provider
31            android:name="vn.hunghd.flutterdownloader.DownloadedFileProvider"
31-->src\main\AndroidManifest.xml:20:13-78
32            android:authorities="com.example.masomoMT.flutter_downloader.provider"
32-->src\main\AndroidManifest.xml:21:13-79
33            android:exported="false"
33-->src\main\AndroidManifest.xml:22:13-37
34            android:grantUriPermissions="true" >
34-->src\main\AndroidManifest.xml:23:13-47
35            <meta-data
35-->src\main\AndroidManifest.xml:24:13-26:57
36                android:name="android.support.FILE_PROVIDER_PATHS"
36-->src\main\AndroidManifest.xml:25:17-67
37                android:resource="@xml/provider_paths" />
37-->src\main\AndroidManifest.xml:26:17-55
38        </provider>
39
40        <activity
40-->src\main\AndroidManifest.xml:29:9-57:20
41            android:name="com.example.masomoMT.MainActivity"
41-->src\main\AndroidManifest.xml:30:13-41
42            android:configChanges="orientation|keyboardHidden|keyboard|screenSize|smallestScreenSize|locale|layoutDirection|fontScale|screenLayout|density|uiMode"
42-->src\main\AndroidManifest.xml:33:13-163
43            android:hardwareAccelerated="true"
43-->src\main\AndroidManifest.xml:34:13-47
44            android:launchMode="singleTop"
44-->src\main\AndroidManifest.xml:31:13-43
45            android:theme="@style/LaunchTheme"
45-->src\main\AndroidManifest.xml:32:13-47
46            android:windowSoftInputMode="adjustResize" >
46-->src\main\AndroidManifest.xml:35:13-55
47
48            <!--
49                 Specifies an Android theme to apply to this Activity as soon as
50                 the Android process has started. This theme is visible to the user
51                 while the Flutter UI initializes. After that, this theme continues
52                 to determine the Window background behind the Flutter UI.
53            -->
54            <meta-data
54-->src\main\AndroidManifest.xml:40:13-43:17
55                android:name="io.flutter.embedding.android.NormalTheme"
55-->src\main\AndroidManifest.xml:41:15-70
56                android:resource="@style/NormalTheme" />
56-->src\main\AndroidManifest.xml:42:15-52
57            <!--
58                 Displays an Android View that continues showing the launch screen
59                 Drawable until Flutter paints its first frame, then this splash
60                 screen fades out. A splash screen is useful to avoid any visual
61                 gap between the end of Android's launch screen and the painting of
62                 Flutter's first frame.
63            -->
64            <meta-data
64-->src\main\AndroidManifest.xml:49:13-52:17
65                android:name="io.flutter.embedding.android.SplashScreenDrawable"
65-->src\main\AndroidManifest.xml:50:15-79
66                android:resource="@drawable/launch_background" />
66-->src\main\AndroidManifest.xml:51:15-61
67
68            <intent-filter>
68-->src\main\AndroidManifest.xml:53:13-56:29
69                <action android:name="android.intent.action.MAIN" />
69-->src\main\AndroidManifest.xml:54:17-68
69-->src\main\AndroidManifest.xml:54:25-66
70
71                <category android:name="android.intent.category.LAUNCHER" />
71-->src\main\AndroidManifest.xml:55:17-76
71-->src\main\AndroidManifest.xml:55:27-74
72            </intent-filter>
73        </activity>
74        <!--
75             Don't delete the meta-data below.
76             This is used by the Flutter tool to generate GeneratedPluginRegistrant.java
77        -->
78        <meta-data
78-->src\main\AndroidManifest.xml:60:9-62:33
79            android:name="flutterEmbedding"
79-->src\main\AndroidManifest.xml:61:13-44
80            android:value="2" />
80-->src\main\AndroidManifest.xml:62:13-30
81
82        <provider
82-->[androidx.work:work-runtime:2.4.0] AndroidManifest.xml:31:9-37:35
83            android:name="androidx.work.impl.WorkManagerInitializer"
83-->[androidx.work:work-runtime:2.4.0] AndroidManifest.xml:32:13-69
84            android:authorities="com.example.masomoMT.workmanager-init"
84-->[androidx.work:work-runtime:2.4.0] AndroidManifest.xml:33:13-68
85            android:directBootAware="false"
85-->[androidx.work:work-runtime:2.4.0] AndroidManifest.xml:34:13-44
86            android:exported="false"
86-->[androidx.work:work-runtime:2.4.0] AndroidManifest.xml:35:13-37
87            android:multiprocess="true" />
87-->[androidx.work:work-runtime:2.4.0] AndroidManifest.xml:36:13-40
88
89        <service
89-->[androidx.work:work-runtime:2.4.0] AndroidManifest.xml:39:9-44:35
90            android:name="androidx.work.impl.background.systemalarm.SystemAlarmService"
90-->[androidx.work:work-runtime:2.4.0] AndroidManifest.xml:40:13-88
91            android:directBootAware="false"
91-->[androidx.work:work-runtime:2.4.0] AndroidManifest.xml:41:13-44
92            android:enabled="@bool/enable_system_alarm_service_default"
92-->[androidx.work:work-runtime:2.4.0] AndroidManifest.xml:42:13-72
93            android:exported="false" />
93-->[androidx.work:work-runtime:2.4.0] AndroidManifest.xml:43:13-37
94        <service
94-->[androidx.work:work-runtime:2.4.0] AndroidManifest.xml:45:9-51:35
95            android:name="androidx.work.impl.background.systemjob.SystemJobService"
95-->[androidx.work:work-runtime:2.4.0] AndroidManifest.xml:46:13-84
96            android:directBootAware="false"
96-->[androidx.work:work-runtime:2.4.0] AndroidManifest.xml:47:13-44
97            android:enabled="@bool/enable_system_job_service_default"
97-->[androidx.work:work-runtime:2.4.0] AndroidManifest.xml:48:13-70
98            android:exported="true"
98-->[androidx.work:work-runtime:2.4.0] AndroidManifest.xml:49:13-36
99            android:permission="android.permission.BIND_JOB_SERVICE" />
99-->[androidx.work:work-runtime:2.4.0] AndroidManifest.xml:50:13-69
100        <service
100-->[androidx.work:work-runtime:2.4.0] AndroidManifest.xml:52:9-57:35
101            android:name="androidx.work.impl.foreground.SystemForegroundService"
101-->[androidx.work:work-runtime:2.4.0] AndroidManifest.xml:53:13-81
102            android:directBootAware="false"
102-->[androidx.work:work-runtime:2.4.0] AndroidManifest.xml:54:13-44
103            android:enabled="@bool/enable_system_foreground_service_default"
103-->[androidx.work:work-runtime:2.4.0] AndroidManifest.xml:55:13-77
104            android:exported="false" />
104-->[androidx.work:work-runtime:2.4.0] AndroidManifest.xml:56:13-37
105
106        <receiver
106-->[androidx.work:work-runtime:2.4.0] AndroidManifest.xml:59:9-64:35
107            android:name="androidx.work.impl.utils.ForceStopRunnable$BroadcastReceiver"
107-->[androidx.work:work-runtime:2.4.0] AndroidManifest.xml:60:13-88
108            android:directBootAware="false"
108-->[androidx.work:work-runtime:2.4.0] AndroidManifest.xml:61:13-44
109            android:enabled="true"
109-->[androidx.work:work-runtime:2.4.0] AndroidManifest.xml:62:13-35
110            android:exported="false" />
110-->[androidx.work:work-runtime:2.4.0] AndroidManifest.xml:63:13-37
111        <receiver
111-->[androidx.work:work-runtime:2.4.0] AndroidManifest.xml:65:9-75:20
112            android:name="androidx.work.impl.background.systemalarm.ConstraintProxy$BatteryChargingProxy"
112-->[androidx.work:work-runtime:2.4.0] AndroidManifest.xml:66:13-106
113            android:directBootAware="false"
113-->[androidx.work:work-runtime:2.4.0] AndroidManifest.xml:67:13-44
114            android:enabled="false"
114-->[androidx.work:work-runtime:2.4.0] AndroidManifest.xml:68:13-36
115            android:exported="false" >
115-->[androidx.work:work-runtime:2.4.0] AndroidManifest.xml:69:13-37
116            <intent-filter>
116-->[androidx.work:work-runtime:2.4.0] AndroidManifest.xml:71:13-74:29
117                <action android:name="android.intent.action.ACTION_POWER_CONNECTED" />
117-->[androidx.work:work-runtime:2.4.0] AndroidManifest.xml:72:17-87
117-->[androidx.work:work-runtime:2.4.0] AndroidManifest.xml:72:25-84
118                <action android:name="android.intent.action.ACTION_POWER_DISCONNECTED" />
118-->[androidx.work:work-runtime:2.4.0] AndroidManifest.xml:73:17-90
118-->[androidx.work:work-runtime:2.4.0] AndroidManifest.xml:73:25-87
119            </intent-filter>
120        </receiver>
121        <receiver
121-->[androidx.work:work-runtime:2.4.0] AndroidManifest.xml:76:9-86:20
122            android:name="androidx.work.impl.background.systemalarm.ConstraintProxy$BatteryNotLowProxy"
122-->[androidx.work:work-runtime:2.4.0] AndroidManifest.xml:77:13-104
123            android:directBootAware="false"
123-->[androidx.work:work-runtime:2.4.0] AndroidManifest.xml:78:13-44
124            android:enabled="false"
124-->[androidx.work:work-runtime:2.4.0] AndroidManifest.xml:79:13-36
125            android:exported="false" >
125-->[androidx.work:work-runtime:2.4.0] AndroidManifest.xml:80:13-37
126            <intent-filter>
126-->[androidx.work:work-runtime:2.4.0] AndroidManifest.xml:82:13-85:29
127                <action android:name="android.intent.action.BATTERY_OKAY" />
127-->[androidx.work:work-runtime:2.4.0] AndroidManifest.xml:83:17-77
127-->[androidx.work:work-runtime:2.4.0] AndroidManifest.xml:83:25-74
128                <action android:name="android.intent.action.BATTERY_LOW" />
128-->[androidx.work:work-runtime:2.4.0] AndroidManifest.xml:84:17-76
128-->[androidx.work:work-runtime:2.4.0] AndroidManifest.xml:84:25-73
129            </intent-filter>
130        </receiver>
131        <receiver
131-->[androidx.work:work-runtime:2.4.0] AndroidManifest.xml:87:9-97:20
132            android:name="androidx.work.impl.background.systemalarm.ConstraintProxy$StorageNotLowProxy"
132-->[androidx.work:work-runtime:2.4.0] AndroidManifest.xml:88:13-104
133            android:directBootAware="false"
133-->[androidx.work:work-runtime:2.4.0] AndroidManifest.xml:89:13-44
134            android:enabled="false"
134-->[androidx.work:work-runtime:2.4.0] AndroidManifest.xml:90:13-36
135            android:exported="false" >
135-->[androidx.work:work-runtime:2.4.0] AndroidManifest.xml:91:13-37
136            <intent-filter>
136-->[androidx.work:work-runtime:2.4.0] AndroidManifest.xml:93:13-96:29
137                <action android:name="android.intent.action.DEVICE_STORAGE_LOW" />
137-->[androidx.work:work-runtime:2.4.0] AndroidManifest.xml:94:17-83
137-->[androidx.work:work-runtime:2.4.0] AndroidManifest.xml:94:25-80
138                <action android:name="android.intent.action.DEVICE_STORAGE_OK" />
138-->[androidx.work:work-runtime:2.4.0] AndroidManifest.xml:95:17-82
138-->[androidx.work:work-runtime:2.4.0] AndroidManifest.xml:95:25-79
139            </intent-filter>
140        </receiver>
141        <receiver
141-->[androidx.work:work-runtime:2.4.0] AndroidManifest.xml:98:9-107:20
142            android:name="androidx.work.impl.background.systemalarm.ConstraintProxy$NetworkStateProxy"
142-->[androidx.work:work-runtime:2.4.0] AndroidManifest.xml:99:13-103
143            android:directBootAware="false"
143-->[androidx.work:work-runtime:2.4.0] AndroidManifest.xml:100:13-44
144            android:enabled="false"
144-->[androidx.work:work-runtime:2.4.0] AndroidManifest.xml:101:13-36
145            android:exported="false" >
145-->[androidx.work:work-runtime:2.4.0] AndroidManifest.xml:102:13-37
146            <intent-filter>
146-->[androidx.work:work-runtime:2.4.0] AndroidManifest.xml:104:13-106:29
147                <action android:name="android.net.conn.CONNECTIVITY_CHANGE" />
147-->[androidx.work:work-runtime:2.4.0] AndroidManifest.xml:105:17-79
147-->[androidx.work:work-runtime:2.4.0] AndroidManifest.xml:105:25-76
148            </intent-filter>
149        </receiver>
150        <receiver
150-->[androidx.work:work-runtime:2.4.0] AndroidManifest.xml:108:9-119:20
151            android:name="androidx.work.impl.background.systemalarm.RescheduleReceiver"
151-->[androidx.work:work-runtime:2.4.0] AndroidManifest.xml:109:13-88
152            android:directBootAware="false"
152-->[androidx.work:work-runtime:2.4.0] AndroidManifest.xml:110:13-44
153            android:enabled="false"
153-->[androidx.work:work-runtime:2.4.0] AndroidManifest.xml:111:13-36
154            android:exported="false" >
154-->[androidx.work:work-runtime:2.4.0] AndroidManifest.xml:112:13-37
155            <intent-filter>
155-->[androidx.work:work-runtime:2.4.0] AndroidManifest.xml:114:13-118:29
156                <action android:name="android.intent.action.BOOT_COMPLETED" />
156-->[androidx.work:work-runtime:2.4.0] AndroidManifest.xml:115:17-79
156-->[androidx.work:work-runtime:2.4.0] AndroidManifest.xml:115:25-76
157                <action android:name="android.intent.action.TIME_SET" />
157-->[androidx.work:work-runtime:2.4.0] AndroidManifest.xml:116:17-73
157-->[androidx.work:work-runtime:2.4.0] AndroidManifest.xml:116:25-70
158                <action android:name="android.intent.action.TIMEZONE_CHANGED" />
158-->[androidx.work:work-runtime:2.4.0] AndroidManifest.xml:117:17-81
158-->[androidx.work:work-runtime:2.4.0] AndroidManifest.xml:117:25-78
159            </intent-filter>
160        </receiver>
161        <receiver
161-->[androidx.work:work-runtime:2.4.0] AndroidManifest.xml:120:9-129:20
162            android:name="androidx.work.impl.background.systemalarm.ConstraintProxyUpdateReceiver"
162-->[androidx.work:work-runtime:2.4.0] AndroidManifest.xml:121:13-99
163            android:directBootAware="false"
163-->[androidx.work:work-runtime:2.4.0] AndroidManifest.xml:122:13-44
164            android:enabled="@bool/enable_system_alarm_service_default"
164-->[androidx.work:work-runtime:2.4.0] AndroidManifest.xml:123:13-72
165            android:exported="false" >
165-->[androidx.work:work-runtime:2.4.0] AndroidManifest.xml:124:13-37
166            <intent-filter>
166-->[androidx.work:work-runtime:2.4.0] AndroidManifest.xml:126:13-128:29
167                <action android:name="androidx.work.impl.background.systemalarm.UpdateProxies" />
167-->[androidx.work:work-runtime:2.4.0] AndroidManifest.xml:127:17-98
167-->[androidx.work:work-runtime:2.4.0] AndroidManifest.xml:127:25-95
168            </intent-filter>
169        </receiver>
170        <receiver
170-->[androidx.work:work-runtime:2.4.0] AndroidManifest.xml:130:9-140:20
171            android:name="androidx.work.impl.diagnostics.DiagnosticsReceiver"
171-->[androidx.work:work-runtime:2.4.0] AndroidManifest.xml:131:13-78
172            android:directBootAware="false"
172-->[androidx.work:work-runtime:2.4.0] AndroidManifest.xml:132:13-44
173            android:enabled="true"
173-->[androidx.work:work-runtime:2.4.0] AndroidManifest.xml:133:13-35
174            android:exported="true"
174-->[androidx.work:work-runtime:2.4.0] AndroidManifest.xml:134:13-36
175            android:permission="android.permission.DUMP" >
175-->[androidx.work:work-runtime:2.4.0] AndroidManifest.xml:135:13-57
176            <intent-filter>
176-->[androidx.work:work-runtime:2.4.0] AndroidManifest.xml:137:13-139:29
177                <action android:name="androidx.work.diagnostics.REQUEST_DIAGNOSTICS" />
177-->[androidx.work:work-runtime:2.4.0] AndroidManifest.xml:138:17-88
177-->[androidx.work:work-runtime:2.4.0] AndroidManifest.xml:138:25-85
178            </intent-filter>
179        </receiver>
180
181        <service
181-->[androidx.room:room-runtime:2.2.5] AndroidManifest.xml:25:9-28:40
182            android:name="androidx.room.MultiInstanceInvalidationService"
182-->[androidx.room:room-runtime:2.2.5] AndroidManifest.xml:26:13-74
183            android:directBootAware="true"
183-->[androidx.room:room-runtime:2.2.5] AndroidManifest.xml:27:13-43
184            android:exported="false" /> <!-- The activities will be merged into the manifest of the hosting app. -->
184-->[androidx.room:room-runtime:2.2.5] AndroidManifest.xml:28:13-37
185        <activity
185-->[com.google.android.play:core:1.8.2] AndroidManifest.xml:12:5-271
186            android:name="com.google.android.play.core.missingsplits.PlayCoreMissingSplitsActivity"
186-->[com.google.android.play:core:1.8.2] AndroidManifest.xml:12:15-102
187            android:enabled="false"
187-->[com.google.android.play:core:1.8.2] AndroidManifest.xml:12:103-126
188            android:exported="false"
188-->[com.google.android.play:core:1.8.2] AndroidManifest.xml:12:127-151
189            android:launchMode="singleInstance"
189-->[com.google.android.play:core:1.8.2] AndroidManifest.xml:12:204-239
190            android:process=":playcore_missing_splits_activity"
190-->[com.google.android.play:core:1.8.2] AndroidManifest.xml:12:152-203
191            android:stateNotNeeded="true" />
191-->[com.google.android.play:core:1.8.2] AndroidManifest.xml:12:240-269
192        <activity
192-->[com.google.android.play:core:1.8.2] AndroidManifest.xml:13:5-226
193            android:name="com.google.android.play.core.common.PlayCoreDialogWrapperActivity"
193-->[com.google.android.play:core:1.8.2] AndroidManifest.xml:13:15-95
194            android:enabled="false"
194-->[com.google.android.play:core:1.8.2] AndroidManifest.xml:13:96-119
195            android:exported="false"
195-->[com.google.android.play:core:1.8.2] AndroidManifest.xml:13:120-144
196            android:stateNotNeeded="true"
196-->[com.google.android.play:core:1.8.2] AndroidManifest.xml:13:145-174
197            android:theme="@style/Theme.PlayCore.Transparent" /> <!-- The service will be merged into the manifest of the hosting app. -->
197-->[com.google.android.play:core:1.8.2] AndroidManifest.xml:13:175-224
198        <service
198-->[com.google.android.play:core:1.8.2] AndroidManifest.xml:16:5-145
199            android:name="com.google.android.play.core.assetpacks.AssetPackExtractionService"
199-->[com.google.android.play:core:1.8.2] AndroidManifest.xml:16:14-95
200            android:enabled="false"
200-->[com.google.android.play:core:1.8.2] AndroidManifest.xml:16:96-119
201            android:exported="true" />
201-->[com.google.android.play:core:1.8.2] AndroidManifest.xml:16:120-143
202    </application>
203
204</manifest>